<?xml version="1.0" encoding="UTF-8" ?>
<testsuite errors="0" failures="0" hostname="morbo" name="com.streambase.sbunit.ext.TupleMatcherTest" tests="4" time="0.226" timestamp="2011-10-10T21:45:46">
  <properties>
[...]
</properties>
  <testcase classname="com.streambase.sbunit.ext.TupleMatcherTest" name="testAnyAndAllMatchers" time="0.162" />
  <testcase classname="com.streambase.sbunit.ext.TupleMatcherTest" name="testAnythingMatcher" time="0.0" />
  <testcase classname="com.streambase.sbunit.ext.TupleMatcherTest" name="testNothingMatcher" time="0.0" />
  <testcase classname="com.streambase.sbunit.ext.TupleMatcherTest" name="testNotMatcher" time="0.001" />
  <system-out><![CDATA[]]></system-out>
  <system-err><![CDATA[]]></system-err>
</testsuite>
