<?xml version="1.0" encoding="UTF-8" ?>
<testsuite errors="0" failures="0" hostname="sbarber-lap" name="com.streambase.sbunit.ext.StreamMatcherTest" skipped="0" tests="3" time="7.473" timestamp="2016-06-05T16:19:36">
  <properties>
[...]
</properties>
  <testcase classname="com.streambase.sbunit.ext.StreamMatcherTest" name="testExpectNTuples" time="0.905" />
  <testcase classname="com.streambase.sbunit.ext.StreamMatcherTest" name="testExpectNothing" time="0.109" />
  <testcase classname="com.streambase.sbunit.ext.StreamMatcherTest" name="testExpectFields" time="0.015" />
  <system-out><![CDATA[]]></system-out>
  <system-err><![CDATA[]]></system-err>
</testsuite>
