<?xml version="1.0" encoding="UTF-8" ?>
<testsuite errors="0" failures="0" hostname="morbo" name="com.streambase.sbunit.ext.ValueMatcherTest" tests="9" time="0.117" timestamp="2011-10-05T18:03:42">
  <properties>
[...]
</properties>
  <testcase classname="com.streambase.sbunit.ext.ValueMatcherTest" name="testNullMatcher" time="0.003" />
  <testcase classname="com.streambase.sbunit.ext.ValueMatcherTest" name="testNonNullMatcher" time="0.0" />
  <testcase classname="com.streambase.sbunit.ext.ValueMatcherTest" name="testAnythingMatcher" time="0.001" />
  <testcase classname="com.streambase.sbunit.ext.ValueMatcherTest" name="testNothingMatcher" time="0.001" />
  <testcase classname="com.streambase.sbunit.ext.ValueMatcherTest" name="testEqualsMatcher" time="0.0" />
  <testcase classname="com.streambase.sbunit.ext.ValueMatcherTest" name="testDoubleMatchers" time="0.023" />
  <testcase classname="com.streambase.sbunit.ext.ValueMatcherTest" name="testAnyAndAllMatchers" time="0.004" />
  <testcase classname="com.streambase.sbunit.ext.ValueMatcherTest" name="testNotMatcher" time="0.001" />
  <testcase classname="com.streambase.sbunit.ext.ValueMatcherTest" name="testListMatcher" time="0.008" />
  <system-out><![CDATA[]]></system-out>
  <system-err><![CDATA[]]></system-err>
</testsuite>
